<?xml version="1.0" encoding="UTF-8"?>
<!-- Generated by org.testng.reporters.JUnitReportReporter -->
<testsuite hostname="DESKTOP-AH73BTA" failures="0" tests="1" name="edu.mrg.seleniumMavenProject.wordpressTestCases.VerifyOpenAccount" time="11.124" errors="0" timestamp="2020-10-21T15:51:04 EDT" skipped="0">
  <testcase classname="edu.mrg.seleniumMavenProject.wordpressTestCases.VerifyOpenAccount" name="testOpenAccount" time="11.124"/>
  <system-out/>
</testsuite> <!-- edu.mrg.seleniumMavenProject.wordpressTestCases.VerifyOpenAccount -->
