<?xml version="1.0" encoding="UTF-8"?>
<!-- Generated by org.testng.reporters.JUnitReportReporter -->
<testsuite hostname="DESKTOP-AH73BTA" failures="0" tests="3" name="edu.mrg.seleniumMavenProject1.BaseClass" time="0.013" errors="0" timestamp="2020-10-20T19:59:25 EDT" skipped="0">
  <testcase classname="edu.mrg.seleniumMavenProject1.BaseClass" name="createTest3" time="0.003"/>
  <system-out/>
  <testcase classname="edu.mrg.seleniumMavenProject1.BaseClass" name="createTest2" time="0.002"/>
  <system-out/>
  <testcase classname="edu.mrg.seleniumMavenProject1.BaseClass" name="createTest1" time="0.008"/>
  <system-out/>
</testsuite> <!-- edu.mrg.seleniumMavenProject1.BaseClass -->
