<?xml version="1.0" encoding="UTF-8"?>
<!-- Generated by org.testng.reporters.JUnitReportReporter -->
<testsuite hostname="DESKTOP-AH73BTA" failures="0" tests="3" name="edu.mrg.seleniumMavenProject1.TestClass" time="1.575" errors="0" timestamp="2020-10-21T22:51:03 EDT" skipped="0">
  <testcase classname="edu.mrg.seleniumMavenProject1.TestClass" name="verifyOrangeTitle" time="0.017"/>
  <system-out/>
  <testcase classname="edu.mrg.seleniumMavenProject1.TestClass" name="verifyOrangeLogo" time="0.107"/>
  <system-out/>
  <testcase classname="edu.mrg.seleniumMavenProject1.TestClass" name="verifyOrangeLogin" time="1.451"/>
  <system-out/>
</testsuite> <!-- edu.mrg.seleniumMavenProject1.TestClass -->
