<?xml version="1.0" encoding="UTF-8"?>
<!-- Generated by org.testng.reporters.JUnitReportReporter -->
<testsuite hostname="DESKTOP-AH73BTA" failures="0" tests="1" name="edu.mrg.seleniumMavenTestProject.SeleniumMavenTest" time="0.015" errors="0" timestamp="2020-10-20T18:32:12 EDT" skipped="0">
  <testcase classname="edu.mrg.seleniumMavenTestProject.SeleniumMavenTest" name="Test1" time="0.015"/>
  <system-out/>
</testsuite> <!-- edu.mrg.seleniumMavenTestProject.SeleniumMavenTest -->
