<?xml version="1.0" encoding="UTF-8"?>
<!-- Generated by org.testng.reporters.JUnitReportReporter -->
<testsuite hostname="DESKTOP-AH73BTA" failures="0" tests="3" name="edu.mrg.seleniumMavenProject1.TestClass2" time="1.533" errors="0" timestamp="2020-10-21T22:44:05 EDT" skipped="0">
  <testcase classname="edu.mrg.seleniumMavenProject1.TestClass2" name="verifyOrangeTitle" time="0.012"/>
  <system-out/>
  <testcase classname="edu.mrg.seleniumMavenProject1.TestClass2" name="verifyOrangeLogo" time="0.103"/>
  <system-out/>
  <testcase classname="edu.mrg.seleniumMavenProject1.TestClass2" name="verifyOrangeLogin" time="1.418"/>
  <system-out/>
</testsuite> <!-- edu.mrg.seleniumMavenProject1.TestClass2 -->
